<?xml version="1.0" encoding="UTF-8"?>
<testng-results skipped="0" failed="0" total="3" passed="3">
  <reporter-output>
    <line>
      <![CDATA[**********************************]]>
    </line>
  </reporter-output>
  <suite name="Default suite" duration-ms="1100" started-at="2020-10-24T19:24:33Z" finished-at="2020-10-24T19:24:34Z">
    <groups>
    </groups>
    <test name="Default test" duration-ms="1100" started-at="2020-10-24T19:24:33Z" finished-at="2020-10-24T19:24:34Z">
      <class name="parallel.Object">
        <test-method status="PASS" signature="objectmethods()[pri:0, instance:parallel.Object@7c0e2abd]" name="objectmethods" duration-ms="109" started-at="2020-10-25T00:54:34Z" finished-at="2020-10-25T00:54:34Z">
          <reporter-output>
          </reporter-output>
        </test-method> <!-- objectmethods -->
        <test-method status="PASS" signature="tc_02()[pri:0, instance:parallel.Object@7c0e2abd]" name="tc_02" duration-ms="25" started-at="2020-10-25T00:54:34Z" finished-at="2020-10-25T00:54:34Z">
          <reporter-output>
          </reporter-output>
        </test-method> <!-- tc_02 -->
        <test-method status="PASS" signature="tc_03()[pri:0, instance:parallel.Object@7c0e2abd]" name="tc_03" duration-ms="30" started-at="2020-10-25T00:54:34Z" finished-at="2020-10-25T00:54:34Z">
          <reporter-output>
            <line>
              <![CDATA[**********************************]]>
            </line>
          </reporter-output>
        </test-method> <!-- tc_03 -->
      </class> <!-- parallel.Object -->
    </test> <!-- Default test -->
  </suite> <!-- Default suite -->
</testng-results>
